<?xml version="1.0" encoding="UTF-8"?>
<testsuite name="com.getcapacitor.myapp.ExampleUnitTest" tests="1" skipped="0" failures="0" errors="0" timestamp="2024-11-18T04:22:36" hostname="LAPTOP-NA1NA0N2" time="0.004">
  <properties/>
  <testcase name="addition_isCorrect" classname="com.getcapacitor.myapp.ExampleUnitTest" time="0.004"/>
  <system-out><![CDATA[]]></system-out>
  <system-err><![CDATA[]]></system-err>
</testsuite>
